<?xml version="1.0" encoding="UTF-8"?>
<!-- Generated by org.testng.reporters.JUnitReportReporter -->
<testsuite hostname="LAPTOP-33G8JAUL" failures="0" tests="1" name="TestLayer.RegisterTest" time="1.079" errors="0" timestamp="2023-12-30T15:22:11 IST" skipped="0">
  <testcase classname="TestLayer.RegisterTest" name="validateRegisterFunctionlity" time="1.079"/>
  <system-out/>
</testsuite> <!-- TestLayer.RegisterTest -->
